  [4;36;1mSQL (0.0ms)[0m   [0;1mSET NAMES 'utf8'[0m
  [4;35;1mSQL (0.0ms)[0m   [0mSET SQL_AUTO_IS_NULL=0[0m
  [4;36;1mSQL (1.0ms)[0m   [0;1mSHOW TABLES[0m
  [4;35;1mSQL (140.0ms)[0m   [0mCREATE TABLE `schema_migrations` (`version` varchar(255) NOT NULL) ENGINE=InnoDB[0m
  [4;36;1mSQL (235.0ms)[0m   [0;1mCREATE UNIQUE INDEX `unique_schema_migrations` ON `schema_migrations` (`version`)[0m
  [4;35;1mSQL (1.0ms)[0m   [0mSHOW TABLES[0m
  [4;36;1mSQL (1.0ms)[0m   [0;1mSELECT version FROM schema_migrations[0m
Migrating to CreateBooks (20090901114352)
  [4;35;1mSQL (121.0ms)[0m   [0mCREATE TABLE `books` (`id` int(11) DEFAULT NULL auto_increment PRIMARY KEY, `name` varchar(255), `author` varchar(255), `created_at` datetime, `updated_at` datetime) ENGINE=InnoDB[0m
  [4;36;1mSQL (31.0ms)[0m   [0;1mINSERT INTO schema_migrations (version) VALUES ('20090901114352')[0m
  [4;35;1mSQL (0.0ms)[0m   [0mSHOW TABLES[0m
  [4;36;1mSQL (0.0ms)[0m   [0;1mSELECT version FROM schema_migrations[0m
  [4;35;1mSQL (1.0ms)[0m   [0mSHOW TABLES[0m
  [4;36;1mSQL (3.0ms)[0m   [0;1mSHOW FIELDS FROM `books`[0m
  [4;35;1mSQL (3.0ms)[0m   [0mdescribe `books`[0m
  [4;36;1mSQL (1.0ms)[0m   [0;1mSHOW KEYS FROM `books`[0m
  [4;36;1mSQL (0.0ms)[0m   [0;1mSET NAMES 'utf8'[0m
  [4;35;1mSQL (0.0ms)[0m   [0mSET SQL_AUTO_IS_NULL=0[0m


Processing BooksController#index (for 127.0.0.1 at 2009-09-01 19:45:06) [GET]
  [4;36;1mBook Load (0.0ms)[0m   [0;1mSELECT * FROM `books` [0m
Rendering template within layouts/books
Rendering books/index
Completed in 2205ms (View: 2197, DB: 0) | 200 OK [http://127.0.0.1/books]
  [4;35;1mSQL (0.0ms)[0m   [0mSET NAMES 'utf8'[0m
  [4;36;1mSQL (0.0ms)[0m   [0;1mSET SQL_AUTO_IS_NULL=0[0m


Processing BooksController#new (for 127.0.0.1 at 2009-09-01 19:45:12) [GET]
  [4;35;1mBook Columns (2.0ms)[0m   [0mSHOW FIELDS FROM `books`[0m
Rendering template within layouts/books
Rendering books/new
Completed in 22ms (View: 12, DB: 2) | 200 OK [http://127.0.0.1/books/new]
  [4;36;1mSQL (0.0ms)[0m   [0;1mSET NAMES 'utf8'[0m
  [4;35;1mSQL (0.0ms)[0m   [0mSET SQL_AUTO_IS_NULL=0[0m


Processing BooksController#create (for 127.0.0.1 at 2009-09-01 19:45:27) [POST]
  Parameters: {"commit"=>"Create", "authenticity_token"=>"SNOsr4Wcj5DrFHFQdB6aCqy9aUr0HYYaTD2ItVNOt0o=", "book"=>{"name"=>"C# Programming", "author"=>"kenrome"}}
  [4;36;1mBook Columns (4.0ms)[0m   [0;1mSHOW FIELDS FROM `books`[0m
  [4;35;1mSQL (0.0ms)[0m   [0mBEGIN[0m
  [4;36;1mBook Create (0.0ms)[0m   [0;1mINSERT INTO `books` (`name`, `updated_at`, `author`, `created_at`) VALUES('C# Programming', '2009-09-01 11:45:27', 'kenrome', '2009-09-01 11:45:27')[0m
  [4;35;1mSQL (72.0ms)[0m   [0mCOMMIT[0m
Redirected to http://127.0.0.1:3000/books/1
Completed in 126ms (DB: 76) | 302 Found [http://127.0.0.1/books]
  [4;36;1mSQL (0.0ms)[0m   [0;1mSET NAMES 'utf8'[0m
  [4;35;1mSQL (0.0ms)[0m   [0mSET SQL_AUTO_IS_NULL=0[0m


Processing BooksController#show (for 127.0.0.1 at 2009-09-01 19:45:27) [GET]
  Parameters: {"id"=>"1"}
  [4;36;1mBook Columns (3.0ms)[0m   [0;1mSHOW FIELDS FROM `books`[0m
  [4;35;1mBook Load (0.0ms)[0m   [0mSELECT * FROM `books` WHERE (`books`.`id` = 1) [0m
Rendering template within layouts/books
Rendering books/show
Completed in 21ms (View: 9, DB: 3) | 200 OK [http://127.0.0.1/books/1]
  [4;36;1mSQL (0.0ms)[0m   [0;1mSET NAMES 'utf8'[0m
  [4;35;1mSQL (0.0ms)[0m   [0mSET SQL_AUTO_IS_NULL=0[0m


Processing BooksController#index (for 127.0.0.1 at 2009-09-01 19:45:31) [GET]
  [4;36;1mBook Load (1.0ms)[0m   [0;1mSELECT * FROM `books` [0m
Rendering template within layouts/books
Rendering books/index
  [4;35;1mBook Columns (2.0ms)[0m   [0mSHOW FIELDS FROM `books`[0m
Completed in 17ms (View: 6, DB: 3) | 200 OK [http://127.0.0.1/books]
  [4;36;1mSQL (1.0ms)[0m   [0;1mSET NAMES 'utf8'[0m
  [4;35;1mSQL (0.0ms)[0m   [0mSET SQL_AUTO_IS_NULL=0[0m


Processing BooksController#new (for 127.0.0.1 at 2009-09-01 19:45:33) [GET]
  [4;36;1mBook Columns (3.0ms)[0m   [0;1mSHOW FIELDS FROM `books`[0m
Rendering template within layouts/books
Rendering books/new
Completed in 20ms (View: 7, DB: 4) | 200 OK [http://127.0.0.1/books/new]
  [4;35;1mSQL (0.0ms)[0m   [0mSET NAMES 'utf8'[0m
  [4;36;1mSQL (0.0ms)[0m   [0;1mSET SQL_AUTO_IS_NULL=0[0m


Processing BooksController#create (for 127.0.0.1 at 2009-09-01 19:45:47) [POST]
  Parameters: {"commit"=>"Create", "authenticity_token"=>"SNOsr4Wcj5DrFHFQdB6aCqy9aUr0HYYaTD2ItVNOt0o=", "book"=>{"name"=>"Yellow", "author"=>"kenrome"}}
  [4;35;1mBook Columns (2.0ms)[0m   [0mSHOW FIELDS FROM `books`[0m
  [4;36;1mSQL (0.0ms)[0m   [0;1mBEGIN[0m
  [4;35;1mBook Create (0.0ms)[0m   [0mINSERT INTO `books` (`name`, `updated_at`, `author`, `created_at`) VALUES('Yellow', '2009-09-01 11:45:47', 'kenrome', '2009-09-01 11:45:47')[0m
  [4;36;1mSQL (58.0ms)[0m   [0;1mCOMMIT[0m
Redirected to http://127.0.0.1:3000/books/2
Completed in 76ms (DB: 60) | 302 Found [http://127.0.0.1/books]
  [4;35;1mSQL (0.0ms)[0m   [0mSET NAMES 'utf8'[0m
  [4;36;1mSQL (0.0ms)[0m   [0;1mSET SQL_AUTO_IS_NULL=0[0m


Processing BooksController#show (for 127.0.0.1 at 2009-09-01 19:45:47) [GET]
  Parameters: {"id"=>"2"}
  [4;35;1mBook Columns (2.0ms)[0m   [0mSHOW FIELDS FROM `books`[0m
  [4;36;1mBook Load (0.0ms)[0m   [0;1mSELECT * FROM `books` WHERE (`books`.`id` = 2) [0m
Rendering template within layouts/books
Rendering books/show
Completed in 15ms (View: 4, DB: 2) | 200 OK [http://127.0.0.1/books/2]
  [4;35;1mSQL (0.0ms)[0m   [0mSET NAMES 'utf8'[0m
  [4;36;1mSQL (0.0ms)[0m   [0;1mSET SQL_AUTO_IS_NULL=0[0m


Processing BooksController#index (for 127.0.0.1 at 2009-09-01 19:45:49) [GET]
  [4;35;1mBook Load (0.0ms)[0m   [0mSELECT * FROM `books` [0m
Rendering template within layouts/books
Rendering books/index
  [4;36;1mBook Columns (2.0ms)[0m   [0;1mSHOW FIELDS FROM `books`[0m
Completed in 18ms (View: 8, DB: 2) | 200 OK [http://127.0.0.1/books]
  [4;35;1mSQL (1.0ms)[0m   [0mSET NAMES 'utf8'[0m
  [4;36;1mSQL (1.0ms)[0m   [0;1mSET SQL_AUTO_IS_NULL=0[0m


Processing BooksController#index to xml (for 127.0.0.1 at 2009-09-01 19:46:04) [GET]
  [4;35;1mBook Load (0.0ms)[0m   [0mSELECT * FROM `books` [0m
  [4;36;1mBook Columns (2.0ms)[0m   [0;1mSHOW FIELDS FROM `books`[0m
Completed in 300ms (View: 289, DB: 4) | 200 OK [http://127.0.0.1/books.xml]
  [4;35;1mSQL (0.0ms)[0m   [0mSET NAMES 'utf8'[0m
  [4;36;1mSQL (0.0ms)[0m   [0;1mSET SQL_AUTO_IS_NULL=0[0m


Processing BooksController#index to xml (for 127.0.0.1 at 2009-09-01 19:46:22) [GET]
  [4;35;1mBook Load (1.0ms)[0m   [0mSELECT * FROM `books` [0m
  [4;36;1mBook Columns (3.0ms)[0m   [0;1mSHOW FIELDS FROM `books`[0m
Completed in 21ms (View: 9, DB: 4) | 200 OK [http://127.0.0.1/books.xml]
  [4;35;1mSQL (0.0ms)[0m   [0mSET NAMES 'utf8'[0m
  [4;36;1mSQL (1.0ms)[0m   [0;1mSET SQL_AUTO_IS_NULL=0[0m


Processing BooksController#index (for 127.0.0.1 at 2009-09-01 19:46:30) [GET]
  [4;35;1mBook Load (1.0ms)[0m   [0mSELECT * FROM `books` [0m
Rendering template within layouts/books
Rendering books/index
  [4;36;1mBook Columns (2.0ms)[0m   [0;1mSHOW FIELDS FROM `books`[0m
Completed in 18ms (View: 7, DB: 4) | 200 OK [http://127.0.0.1/books]
  [4;35;1mSQL (0.0ms)[0m   [0mSET NAMES 'utf8'[0m
  [4;36;1mSQL (0.0ms)[0m   [0;1mSET SQL_AUTO_IS_NULL=0[0m


Processing BooksController#new (for 127.0.0.1 at 2009-09-01 19:46:32) [GET]
  [4;35;1mBook Columns (2.0ms)[0m   [0mSHOW FIELDS FROM `books`[0m
Rendering template within layouts/books
Rendering books/new
Completed in 20ms (View: 6, DB: 2) | 200 OK [http://127.0.0.1/books/new]
  [4;36;1mSQL (0.0ms)[0m   [0;1mSET NAMES 'utf8'[0m
  [4;35;1mSQL (0.0ms)[0m   [0mSET SQL_AUTO_IS_NULL=0[0m


Processing BooksController#new to xml (for 127.0.0.1 at 2009-09-01 19:46:38) [GET]
  [4;36;1mBook Columns (2.0ms)[0m   [0;1mSHOW FIELDS FROM `books`[0m
Completed in 14ms (View: 4, DB: 2) | 200 OK [http://127.0.0.1/books/new.xml]
  [4;35;1mSQL (0.0ms)[0m   [0mSET NAMES 'utf8'[0m
  [4;36;1mSQL (0.0ms)[0m   [0;1mSET SQL_AUTO_IS_NULL=0[0m


Processing BooksController#new (for 127.0.0.1 at 2009-09-01 19:46:53) [GET]
  [4;35;1mBook Columns (2.0ms)[0m   [0mSHOW FIELDS FROM `books`[0m
Rendering template within layouts/books
Rendering books/new
Completed in 17ms (View: 6, DB: 2) | 200 OK [http://127.0.0.1/books/new]
  [4;36;1mSQL (1.0ms)[0m   [0;1mSET NAMES 'utf8'[0m
  [4;35;1mSQL (0.0ms)[0m   [0mSET SQL_AUTO_IS_NULL=0[0m


Processing BooksController#index (for 127.0.0.1 at 2009-09-01 19:46:57) [GET]
  [4;36;1mBook Load (1.0ms)[0m   [0;1mSELECT * FROM `books` [0m
Rendering template within layouts/books
Rendering books/index
  [4;35;1mBook Columns (2.0ms)[0m   [0mSHOW FIELDS FROM `books`[0m
Completed in 21ms (View: 9, DB: 4) | 200 OK [http://127.0.0.1/books]
  [4;36;1mSQL (0.0ms)[0m   [0;1mSET NAMES 'utf8'[0m
  [4;35;1mSQL (0.0ms)[0m   [0mSET SQL_AUTO_IS_NULL=0[0m


Processing BooksController#edit (for 127.0.0.1 at 2009-09-01 19:47:04) [GET]
  Parameters: {"id"=>"2"}
  [4;36;1mBook Columns (3.0ms)[0m   [0;1mSHOW FIELDS FROM `books`[0m
  [4;35;1mBook Load (0.0ms)[0m   [0mSELECT * FROM `books` WHERE (`books`.`id` = 2) [0m
Rendering template within layouts/books
Rendering books/edit
Completed in 25ms (View: 11, DB: 3) | 200 OK [http://127.0.0.1/books/2/edit]
  [4;36;1mSQL (0.0ms)[0m   [0;1mSET NAMES 'utf8'[0m
  [4;35;1mSQL (0.0ms)[0m   [0mSET SQL_AUTO_IS_NULL=0[0m


Processing BooksController#edit to xml (for 127.0.0.1 at 2009-09-01 19:47:08) [GET]
  Parameters: {"id"=>"2"}
  [4;36;1mBook Columns (3.0ms)[0m   [0;1mSHOW FIELDS FROM `books`[0m
  [4;35;1mBook Load (0.0ms)[0m   [0mSELECT * FROM `books` WHERE (`books`.`id` = 2) [0m

ActionView::MissingTemplate (Missing template books/edit.erb in view path app/views):
  

Rendering rescues/layout (internal_server_error)
  [4;36;1mSQL (0.0ms)[0m   [0;1mSET NAMES 'utf8'[0m
  [4;35;1mSQL (0.0ms)[0m   [0mSET SQL_AUTO_IS_NULL=0[0m


Processing BooksController#edit (for 127.0.0.1 at 2009-09-01 19:47:11) [GET]
  Parameters: {"id"=>"2"}
  [4;36;1mBook Columns (2.0ms)[0m   [0;1mSHOW FIELDS FROM `books`[0m
  [4;35;1mBook Load (0.0ms)[0m   [0mSELECT * FROM `books` WHERE (`books`.`id` = 2) [0m
Rendering template within layouts/books
Rendering books/edit
Completed in 18ms (View: 6, DB: 2) | 200 OK [http://127.0.0.1/books/2/edit]
  [4;36;1mSQL (0.0ms)[0m   [0;1mSET NAMES 'utf8'[0m
  [4;35;1mSQL (0.0ms)[0m   [0mSET SQL_AUTO_IS_NULL=0[0m


Processing BooksController#index (for 127.0.0.1 at 2009-09-01 19:47:14) [GET]
  [4;36;1mBook Load (0.0ms)[0m   [0;1mSELECT * FROM `books` [0m
Rendering template within layouts/books
Rendering books/index
  [4;35;1mBook Columns (2.0ms)[0m   [0mSHOW FIELDS FROM `books`[0m
Completed in 21ms (View: 7, DB: 2) | 200 OK [http://127.0.0.1/books]
  [4;36;1mSQL (0.0ms)[0m   [0;1mSET NAMES 'utf8'[0m
  [4;35;1mSQL (1.0ms)[0m   [0mSET SQL_AUTO_IS_NULL=0[0m


Processing BooksController#show (for 127.0.0.1 at 2009-09-01 19:47:16) [GET]
  Parameters: {"id"=>"2"}
  [4;36;1mBook Columns (4.0ms)[0m   [0;1mSHOW FIELDS FROM `books`[0m
  [4;35;1mBook Load (0.0ms)[0m   [0mSELECT * FROM `books` WHERE (`books`.`id` = 2) [0m
Rendering template within layouts/books
Rendering books/show
Completed in 19ms (View: 5, DB: 5) | 200 OK [http://127.0.0.1/books/2]
  [4;36;1mSQL (0.0ms)[0m   [0;1mSET NAMES 'utf8'[0m
  [4;35;1mSQL (0.0ms)[0m   [0mSET SQL_AUTO_IS_NULL=0[0m


Processing BooksController#show (for 127.0.0.1 at 2009-09-01 19:47:21) [GET]
  Parameters: {"id"=>"2,xml"}
  [4;36;1mBook Columns (3.0ms)[0m   [0;1mSHOW FIELDS FROM `books`[0m
  [4;35;1mBook Load (0.0ms)[0m   [0mSELECT * FROM `books` WHERE (`books`.`id` = 2) [0m
Rendering template within layouts/books
Rendering books/show
Completed in 17ms (View: 4, DB: 3) | 200 OK [http://127.0.0.1/books/2,xml]
  [4;36;1mSQL (0.0ms)[0m   [0;1mSET NAMES 'utf8'[0m
  [4;35;1mSQL (0.0ms)[0m   [0mSET SQL_AUTO_IS_NULL=0[0m


Processing BooksController#show to xml (for 127.0.0.1 at 2009-09-01 19:47:30) [GET]
  Parameters: {"id"=>"2"}
  [4;36;1mBook Columns (2.0ms)[0m   [0;1mSHOW FIELDS FROM `books`[0m
  [4;35;1mBook Load (0.0ms)[0m   [0mSELECT * FROM `books` WHERE (`books`.`id` = 2) [0m
Completed in 15ms (View: 4, DB: 2) | 200 OK [http://127.0.0.1/books/2.xml]
